2025-12-09 09:30:09.996 [JavaFX Application Thread] INFO  DrawingGUI - Starting graphical interface application
2025-12-09 09:30:10.003 [JavaFX Application Thread] INFO  DrawingGenerator - Drawing generator initialized
2025-12-09 09:30:11.045 [JavaFX Application Thread] INFO  DrawingGUI - Graphical interface successfully initialized
2025-12-09 09:30:22.729 [JavaFX Application Thread] INFO  DrawingGUI - === STARTING DRAWING GENERATION ===
2025-12-09 09:30:22.738 [JavaFX Application Thread] INFO  DrawingGUI - Selected shape types count: 1
2025-12-09 09:30:22.739 [JavaFX Application Thread] INFO  DrawingGUI - Parameters: shapes=1, X=[-100.0, 100.0], Y=[-100.0, 100.0], density=0.5, grid=10
2025-12-09 09:30:22.744 [JavaFX Application Thread] INFO  DrawingGUI - Starting generation of 1 shapes...
2025-12-09 09:30:22.747 [JavaFX Application Thread] INFO  DrawingGenerator - Starting drawing generation with parameters: GenerationParameters{shapeCount=1, x=[-100.0, 100.0], y=[-100.0, 100.0], density=0.50, gridSize=10}
2025-12-09 09:30:22.749 [JavaFX Application Thread] INFO  DrawingGenerator - Selected shape types: [LINE]
2025-12-09 09:30:22.750 [JavaFX Application Thread] INFO  DrawingGenerator - Effective generation area: x=[-50.0, 50.0], y=[-50.0, 50.0]
2025-12-09 09:30:22.754 [JavaFX Application Thread] INFO  DrawingGenerator - Generation completed. Successfully created 1 shapes out of 1 requested
2025-12-09 09:30:22.757 [JavaFX Application Thread] INFO  DrawingGUI - Shapes generated. Received: 1 shapes
2025-12-09 09:30:22.764 [JavaFX Application Thread] INFO  DrawingGUI - === GENERATION AND RENDERING COMPLETED ===
2025-12-09 09:30:25.736 [JavaFX Application Thread] INFO  DrawingGUI - === STARTING DRAWING GENERATION ===
2025-12-09 09:30:25.738 [JavaFX Application Thread] INFO  DrawingGUI - Selected shape types count: 2
2025-12-09 09:30:25.738 [JavaFX Application Thread] INFO  DrawingGUI - Parameters: shapes=1, X=[-100.0, 100.0], Y=[-100.0, 100.0], density=0.5, grid=10
2025-12-09 09:30:25.739 [JavaFX Application Thread] INFO  DrawingGUI - Starting generation of 1 shapes...
2025-12-09 09:30:25.740 [JavaFX Application Thread] INFO  DrawingGenerator - Starting drawing generation with parameters: GenerationParameters{shapeCount=1, x=[-100.0, 100.0], y=[-100.0, 100.0], density=0.50, gridSize=10}
2025-12-09 09:30:25.741 [JavaFX Application Thread] INFO  DrawingGenerator - Selected shape types: [LINE, CIRCLE]
2025-12-09 09:30:25.742 [JavaFX Application Thread] INFO  DrawingGenerator - Effective generation area: x=[-50.0, 50.0], y=[-50.0, 50.0]
2025-12-09 09:30:25.743 [JavaFX Application Thread] INFO  DrawingGenerator - Generation completed. Successfully created 1 shapes out of 1 requested
2025-12-09 09:30:25.744 [JavaFX Application Thread] INFO  DrawingGUI - Shapes generated. Received: 1 shapes
2025-12-09 09:30:25.746 [JavaFX Application Thread] INFO  DrawingGUI - === GENERATION AND RENDERING COMPLETED ===
2025-12-09 09:30:34.990 [JavaFX Application Thread] INFO  DrawingGUI - === STARTING DRAWING GENERATION ===
2025-12-09 09:30:34.992 [JavaFX Application Thread] INFO  DrawingGUI - Selected shape types count: 2
2025-12-09 09:30:34.993 [JavaFX Application Thread] INFO  DrawingGUI - Parameters: shapes=2, X=[-100.0, 100.0], Y=[-100.0, 100.0], density=0.5, grid=10
2025-12-09 09:30:34.994 [JavaFX Application Thread] INFO  DrawingGUI - Starting generation of 2 shapes...
2025-12-09 09:30:34.996 [JavaFX Application Thread] INFO  DrawingGenerator - Starting drawing generation with parameters: GenerationParameters{shapeCount=2, x=[-100.0, 100.0], y=[-100.0, 100.0], density=0.50, gridSize=10}
2025-12-09 09:30:34.997 [JavaFX Application Thread] INFO  DrawingGenerator - Selected shape types: [LINE, CIRCLE]
2025-12-09 09:30:34.998 [JavaFX Application Thread] INFO  DrawingGenerator - Effective generation area: x=[-50.0, 50.0], y=[-50.0, 50.0]
2025-12-09 09:30:34.999 [JavaFX Application Thread] INFO  DrawingGenerator - Generation completed. Successfully created 2 shapes out of 2 requested
2025-12-09 09:30:34.999 [JavaFX Application Thread] INFO  DrawingGUI - Shapes generated. Received: 2 shapes
2025-12-09 09:30:35.001 [JavaFX Application Thread] INFO  DrawingGUI - === GENERATION AND RENDERING COMPLETED ===
2025-12-09 09:30:42.201 [JavaFX Application Thread] INFO  DrawingGUI - === STARTING DRAWING GENERATION ===
2025-12-09 09:30:42.202 [JavaFX Application Thread] INFO  DrawingGUI - Selected shape types count: 1
2025-12-09 09:30:42.203 [JavaFX Application Thread] INFO  DrawingGUI - Parameters: shapes=2, X=[-100.0, 100.0], Y=[-100.0, 100.0], density=0.5, grid=10
2025-12-09 09:30:42.204 [JavaFX Application Thread] INFO  DrawingGUI - Starting generation of 2 shapes...
2025-12-09 09:30:42.205 [JavaFX Application Thread] INFO  DrawingGenerator - Starting drawing generation with parameters: GenerationParameters{shapeCount=2, x=[-100.0, 100.0], y=[-100.0, 100.0], density=0.50, gridSize=10}
2025-12-09 09:30:42.205 [JavaFX Application Thread] INFO  DrawingGenerator - Selected shape types: [RECTANGLE]
2025-12-09 09:30:42.206 [JavaFX Application Thread] INFO  DrawingGenerator - Effective generation area: x=[-50.0, 50.0], y=[-50.0, 50.0]
2025-12-09 09:30:42.207 [JavaFX Application Thread] INFO  DrawingGenerator - Generation completed. Successfully created 2 shapes out of 2 requested
2025-12-09 09:30:42.207 [JavaFX Application Thread] INFO  DrawingGUI - Shapes generated. Received: 2 shapes
2025-12-09 09:30:42.211 [JavaFX Application Thread] INFO  DrawingGUI - === GENERATION AND RENDERING COMPLETED ===
2025-12-09 09:30:48.480 [JavaFX Application Thread] INFO  DrawingGUI - === STARTING DRAWING GENERATION ===
2025-12-09 09:30:48.481 [JavaFX Application Thread] INFO  DrawingGUI - Selected shape types count: 1
2025-12-09 09:30:48.482 [JavaFX Application Thread] INFO  DrawingGUI - Parameters: shapes=1, X=[-100.0, 100.0], Y=[-100.0, 100.0], density=0.5, grid=10
2025-12-09 09:30:48.484 [JavaFX Application Thread] INFO  DrawingGUI - Starting generation of 1 shapes...
2025-12-09 09:30:48.486 [JavaFX Application Thread] INFO  DrawingGenerator - Starting drawing generation with parameters: GenerationParameters{shapeCount=1, x=[-100.0, 100.0], y=[-100.0, 100.0], density=0.50, gridSize=10}
2025-12-09 09:30:48.486 [JavaFX Application Thread] INFO  DrawingGenerator - Selected shape types: [RECTANGLE]
2025-12-09 09:30:48.486 [JavaFX Application Thread] INFO  DrawingGenerator - Effective generation area: x=[-50.0, 50.0], y=[-50.0, 50.0]
2025-12-09 09:30:48.488 [JavaFX Application Thread] INFO  DrawingGenerator - Generation completed. Successfully created 1 shapes out of 1 requested
2025-12-09 09:30:48.488 [JavaFX Application Thread] INFO  DrawingGUI - Shapes generated. Received: 1 shapes
2025-12-09 09:30:48.490 [JavaFX Application Thread] INFO  DrawingGUI - === GENERATION AND RENDERING COMPLETED ===
2025-12-09 09:30:52.615 [JavaFX Application Thread] INFO  DrawingGUI - === STARTING DRAWING GENERATION ===
2025-12-09 09:30:52.616 [JavaFX Application Thread] INFO  DrawingGUI - Selected shape types count: 1
2025-12-09 09:30:52.617 [JavaFX Application Thread] INFO  DrawingGUI - Parameters: shapes=1, X=[-100.0, 100.0], Y=[-100.0, 100.0], density=0.5, grid=10
2025-12-09 09:30:52.618 [JavaFX Application Thread] INFO  DrawingGUI - Starting generation of 1 shapes...
2025-12-09 09:30:52.620 [JavaFX Application Thread] INFO  DrawingGenerator - Starting drawing generation with parameters: GenerationParameters{shapeCount=1, x=[-100.0, 100.0], y=[-100.0, 100.0], density=0.50, gridSize=10}
2025-12-09 09:30:52.620 [JavaFX Application Thread] INFO  DrawingGenerator - Selected shape types: [TRIANGLE]
2025-12-09 09:30:52.620 [JavaFX Application Thread] INFO  DrawingGenerator - Effective generation area: x=[-50.0, 50.0], y=[-50.0, 50.0]
2025-12-09 09:30:52.621 [JavaFX Application Thread] INFO  DrawingGenerator - Generation completed. Successfully created 1 shapes out of 1 requested
2025-12-09 09:30:52.621 [JavaFX Application Thread] INFO  DrawingGUI - Shapes generated. Received: 1 shapes
2025-12-09 09:30:52.624 [JavaFX Application Thread] INFO  DrawingGUI - === GENERATION AND RENDERING COMPLETED ===
2025-12-09 09:30:53.959 [JavaFX Application Thread] INFO  DrawingGUI - === STARTING DRAWING GENERATION ===
2025-12-09 09:30:53.960 [JavaFX Application Thread] INFO  DrawingGUI - Selected shape types count: 1
2025-12-09 09:30:53.961 [JavaFX Application Thread] INFO  DrawingGUI - Parameters: shapes=1, X=[-100.0, 100.0], Y=[-100.0, 100.0], density=0.5, grid=10
2025-12-09 09:30:53.961 [JavaFX Application Thread] INFO  DrawingGUI - Starting generation of 1 shapes...
2025-12-09 09:30:53.961 [JavaFX Application Thread] INFO  DrawingGenerator - Starting drawing generation with parameters: GenerationParameters{shapeCount=1, x=[-100.0, 100.0], y=[-100.0, 100.0], density=0.50, gridSize=10}
2025-12-09 09:30:53.961 [JavaFX Application Thread] INFO  DrawingGenerator - Selected shape types: [TRIANGLE]
2025-12-09 09:30:53.962 [JavaFX Application Thread] INFO  DrawingGenerator - Effective generation area: x=[-50.0, 50.0], y=[-50.0, 50.0]
2025-12-09 09:30:53.962 [JavaFX Application Thread] INFO  DrawingGenerator - Generation completed. Successfully created 1 shapes out of 1 requested
2025-12-09 09:30:53.962 [JavaFX Application Thread] INFO  DrawingGUI - Shapes generated. Received: 1 shapes
2025-12-09 09:30:53.963 [JavaFX Application Thread] INFO  DrawingGUI - === GENERATION AND RENDERING COMPLETED ===
2025-12-09 09:30:58.037 [JavaFX Application Thread] INFO  DrawingGUI - === STARTING DRAWING GENERATION ===
2025-12-09 09:30:58.038 [JavaFX Application Thread] INFO  DrawingGUI - Selected shape types count: 1
2025-12-09 09:30:58.038 [JavaFX Application Thread] INFO  DrawingGUI - Parameters: shapes=1, X=[-100.0, 100.0], Y=[-100.0, 100.0], density=0.5, grid=10
2025-12-09 09:30:58.038 [JavaFX Application Thread] INFO  DrawingGUI - Starting generation of 1 shapes...
2025-12-09 09:30:58.039 [JavaFX Application Thread] INFO  DrawingGenerator - Starting drawing generation with parameters: GenerationParameters{shapeCount=1, x=[-100.0, 100.0], y=[-100.0, 100.0], density=0.50, gridSize=10}
2025-12-09 09:30:58.040 [JavaFX Application Thread] INFO  DrawingGenerator - Selected shape types: [PARABOLA]
2025-12-09 09:30:58.041 [JavaFX Application Thread] INFO  DrawingGenerator - Effective generation area: x=[-50.0, 50.0], y=[-50.0, 50.0]
2025-12-09 09:30:58.042 [JavaFX Application Thread] INFO  DrawingGenerator - Generation completed. Successfully created 1 shapes out of 1 requested
2025-12-09 09:30:58.043 [JavaFX Application Thread] INFO  DrawingGUI - Shapes generated. Received: 1 shapes
2025-12-09 09:30:58.045 [JavaFX Application Thread] INFO  DrawingGUI - === GENERATION AND RENDERING COMPLETED ===
2025-12-09 09:31:00.200 [JavaFX Application Thread] INFO  DrawingGUI - === STARTING DRAWING GENERATION ===
2025-12-09 09:31:00.201 [JavaFX Application Thread] INFO  DrawingGUI - Selected shape types count: 1
2025-12-09 09:31:00.202 [JavaFX Application Thread] INFO  DrawingGUI - Parameters: shapes=1, X=[-100.0, 100.0], Y=[-100.0, 100.0], density=0.5, grid=10
2025-12-09 09:31:00.202 [JavaFX Application Thread] INFO  DrawingGUI - Starting generation of 1 shapes...
2025-12-09 09:31:00.202 [JavaFX Application Thread] INFO  DrawingGenerator - Starting drawing generation with parameters: GenerationParameters{shapeCount=1, x=[-100.0, 100.0], y=[-100.0, 100.0], density=0.50, gridSize=10}
2025-12-09 09:31:00.203 [JavaFX Application Thread] INFO  DrawingGenerator - Selected shape types: [PARABOLA]
2025-12-09 09:31:00.203 [JavaFX Application Thread] INFO  DrawingGenerator - Effective generation area: x=[-50.0, 50.0], y=[-50.0, 50.0]
2025-12-09 09:31:00.203 [JavaFX Application Thread] INFO  DrawingGenerator - Generation completed. Successfully created 1 shapes out of 1 requested
2025-12-09 09:31:00.204 [JavaFX Application Thread] INFO  DrawingGUI - Shapes generated. Received: 1 shapes
2025-12-09 09:31:00.205 [JavaFX Application Thread] INFO  DrawingGUI - === GENERATION AND RENDERING COMPLETED ===
2025-12-09 09:31:01.036 [JavaFX Application Thread] INFO  DrawingGUI - === STARTING DRAWING GENERATION ===
2025-12-09 09:31:01.037 [JavaFX Application Thread] INFO  DrawingGUI - Selected shape types count: 1
2025-12-09 09:31:01.038 [JavaFX Application Thread] INFO  DrawingGUI - Parameters: shapes=1, X=[-100.0, 100.0], Y=[-100.0, 100.0], density=0.5, grid=10
2025-12-09 09:31:01.038 [JavaFX Application Thread] INFO  DrawingGUI - Starting generation of 1 shapes...
2025-12-09 09:31:01.039 [JavaFX Application Thread] INFO  DrawingGenerator - Starting drawing generation with parameters: GenerationParameters{shapeCount=1, x=[-100.0, 100.0], y=[-100.0, 100.0], density=0.50, gridSize=10}
2025-12-09 09:31:01.039 [JavaFX Application Thread] INFO  DrawingGenerator - Selected shape types: [PARABOLA]
2025-12-09 09:31:01.040 [JavaFX Application Thread] INFO  DrawingGenerator - Effective generation area: x=[-50.0, 50.0], y=[-50.0, 50.0]
2025-12-09 09:31:01.040 [JavaFX Application Thread] INFO  DrawingGenerator - Generation completed. Successfully created 1 shapes out of 1 requested
2025-12-09 09:31:01.041 [JavaFX Application Thread] INFO  DrawingGUI - Shapes generated. Received: 1 shapes
2025-12-09 09:31:01.042 [JavaFX Application Thread] INFO  DrawingGUI - === GENERATION AND RENDERING COMPLETED ===
2025-12-09 09:31:01.884 [JavaFX Application Thread] INFO  DrawingGUI - === STARTING DRAWING GENERATION ===
2025-12-09 09:31:01.886 [JavaFX Application Thread] INFO  DrawingGUI - Selected shape types count: 1
2025-12-09 09:31:01.886 [JavaFX Application Thread] INFO  DrawingGUI - Parameters: shapes=1, X=[-100.0, 100.0], Y=[-100.0, 100.0], density=0.5, grid=10
2025-12-09 09:31:01.886 [JavaFX Application Thread] INFO  DrawingGUI - Starting generation of 1 shapes...
2025-12-09 09:31:01.887 [JavaFX Application Thread] INFO  DrawingGenerator - Starting drawing generation with parameters: GenerationParameters{shapeCount=1, x=[-100.0, 100.0], y=[-100.0, 100.0], density=0.50, gridSize=10}
2025-12-09 09:31:01.887 [JavaFX Application Thread] INFO  DrawingGenerator - Selected shape types: [PARABOLA]
2025-12-09 09:31:01.888 [JavaFX Application Thread] INFO  DrawingGenerator - Effective generation area: x=[-50.0, 50.0], y=[-50.0, 50.0]
2025-12-09 09:31:01.888 [JavaFX Application Thread] INFO  DrawingGenerator - Generation completed. Successfully created 1 shapes out of 1 requested
2025-12-09 09:31:01.888 [JavaFX Application Thread] INFO  DrawingGUI - Shapes generated. Received: 1 shapes
2025-12-09 09:31:01.890 [JavaFX Application Thread] INFO  DrawingGUI - === GENERATION AND RENDERING COMPLETED ===
2025-12-09 09:31:02.712 [JavaFX Application Thread] INFO  DrawingGUI - === STARTING DRAWING GENERATION ===
2025-12-09 09:31:02.714 [JavaFX Application Thread] INFO  DrawingGUI - Selected shape types count: 1
2025-12-09 09:31:02.714 [JavaFX Application Thread] INFO  DrawingGUI - Parameters: shapes=1, X=[-100.0, 100.0], Y=[-100.0, 100.0], density=0.5, grid=10
2025-12-09 09:31:02.714 [JavaFX Application Thread] INFO  DrawingGUI - Starting generation of 1 shapes...
2025-12-09 09:31:02.715 [JavaFX Application Thread] INFO  DrawingGenerator - Starting drawing generation with parameters: GenerationParameters{shapeCount=1, x=[-100.0, 100.0], y=[-100.0, 100.0], density=0.50, gridSize=10}
2025-12-09 09:31:02.716 [JavaFX Application Thread] INFO  DrawingGenerator - Selected shape types: [PARABOLA]
2025-12-09 09:31:02.716 [JavaFX Application Thread] INFO  DrawingGenerator - Effective generation area: x=[-50.0, 50.0], y=[-50.0, 50.0]
2025-12-09 09:31:02.717 [JavaFX Application Thread] INFO  DrawingGenerator - Generation completed. Successfully created 1 shapes out of 1 requested
2025-12-09 09:31:02.717 [JavaFX Application Thread] INFO  DrawingGUI - Shapes generated. Received: 1 shapes
2025-12-09 09:31:02.719 [JavaFX Application Thread] INFO  DrawingGUI - === GENERATION AND RENDERING COMPLETED ===
2025-12-09 09:31:03.447 [JavaFX Application Thread] INFO  DrawingGUI - === STARTING DRAWING GENERATION ===
2025-12-09 09:31:03.448 [JavaFX Application Thread] INFO  DrawingGUI - Selected shape types count: 1
2025-12-09 09:31:03.448 [JavaFX Application Thread] INFO  DrawingGUI - Parameters: shapes=1, X=[-100.0, 100.0], Y=[-100.0, 100.0], density=0.5, grid=10
2025-12-09 09:31:03.451 [JavaFX Application Thread] INFO  DrawingGUI - Starting generation of 1 shapes...
2025-12-09 09:31:03.451 [JavaFX Application Thread] INFO  DrawingGenerator - Starting drawing generation with parameters: GenerationParameters{shapeCount=1, x=[-100.0, 100.0], y=[-100.0, 100.0], density=0.50, gridSize=10}
2025-12-09 09:31:03.452 [JavaFX Application Thread] INFO  DrawingGenerator - Selected shape types: [PARABOLA]
2025-12-09 09:31:03.452 [JavaFX Application Thread] INFO  DrawingGenerator - Effective generation area: x=[-50.0, 50.0], y=[-50.0, 50.0]
2025-12-09 09:31:03.452 [JavaFX Application Thread] INFO  DrawingGenerator - Generation completed. Successfully created 1 shapes out of 1 requested
2025-12-09 09:31:03.452 [JavaFX Application Thread] INFO  DrawingGUI - Shapes generated. Received: 1 shapes
2025-12-09 09:31:03.454 [JavaFX Application Thread] INFO  DrawingGUI - === GENERATION AND RENDERING COMPLETED ===
2025-12-09 09:31:04.169 [JavaFX Application Thread] INFO  DrawingGUI - === STARTING DRAWING GENERATION ===
2025-12-09 09:31:04.170 [JavaFX Application Thread] INFO  DrawingGUI - Selected shape types count: 1
2025-12-09 09:31:04.170 [JavaFX Application Thread] INFO  DrawingGUI - Parameters: shapes=1, X=[-100.0, 100.0], Y=[-100.0, 100.0], density=0.5, grid=10
2025-12-09 09:31:04.170 [JavaFX Application Thread] INFO  DrawingGUI - Starting generation of 1 shapes...
2025-12-09 09:31:04.171 [JavaFX Application Thread] INFO  DrawingGenerator - Starting drawing generation with parameters: GenerationParameters{shapeCount=1, x=[-100.0, 100.0], y=[-100.0, 100.0], density=0.50, gridSize=10}
2025-12-09 09:31:04.171 [JavaFX Application Thread] INFO  DrawingGenerator - Selected shape types: [PARABOLA]
2025-12-09 09:31:04.172 [JavaFX Application Thread] INFO  DrawingGenerator - Effective generation area: x=[-50.0, 50.0], y=[-50.0, 50.0]
2025-12-09 09:31:04.172 [JavaFX Application Thread] INFO  DrawingGenerator - Generation completed. Successfully created 1 shapes out of 1 requested
2025-12-09 09:31:04.173 [JavaFX Application Thread] INFO  DrawingGUI - Shapes generated. Received: 1 shapes
2025-12-09 09:31:04.175 [JavaFX Application Thread] INFO  DrawingGUI - === GENERATION AND RENDERING COMPLETED ===
2025-12-09 09:31:08.380 [JavaFX Application Thread] INFO  DrawingGUI - === STARTING DRAWING GENERATION ===
2025-12-09 09:31:08.381 [JavaFX Application Thread] INFO  DrawingGUI - Selected shape types count: 1
2025-12-09 09:31:08.381 [JavaFX Application Thread] INFO  DrawingGUI - Parameters: shapes=1, X=[-100.0, 100.0], Y=[-100.0, 100.0], density=0.5, grid=10
2025-12-09 09:31:08.382 [JavaFX Application Thread] INFO  DrawingGUI - Starting generation of 1 shapes...
2025-12-09 09:31:08.382 [JavaFX Application Thread] INFO  DrawingGenerator - Starting drawing generation with parameters: GenerationParameters{shapeCount=1, x=[-100.0, 100.0], y=[-100.0, 100.0], density=0.50, gridSize=10}
2025-12-09 09:31:08.383 [JavaFX Application Thread] INFO  DrawingGenerator - Selected shape types: [TRAPEZOID]
2025-12-09 09:31:08.383 [JavaFX Application Thread] INFO  DrawingGenerator - Effective generation area: x=[-50.0, 50.0], y=[-50.0, 50.0]
2025-12-09 09:31:08.385 [JavaFX Application Thread] INFO  DrawingGenerator - Generation completed. Successfully created 1 shapes out of 1 requested
2025-12-09 09:31:08.385 [JavaFX Application Thread] INFO  DrawingGUI - Shapes generated. Received: 1 shapes
2025-12-09 09:31:08.387 [JavaFX Application Thread] INFO  DrawingGUI - === GENERATION AND RENDERING COMPLETED ===
2025-12-09 09:31:09.272 [JavaFX Application Thread] INFO  DrawingGUI - === STARTING DRAWING GENERATION ===
2025-12-09 09:31:09.273 [JavaFX Application Thread] INFO  DrawingGUI - Selected shape types count: 1
2025-12-09 09:31:09.273 [JavaFX Application Thread] INFO  DrawingGUI - Parameters: shapes=1, X=[-100.0, 100.0], Y=[-100.0, 100.0], density=0.5, grid=10
2025-12-09 09:31:09.273 [JavaFX Application Thread] INFO  DrawingGUI - Starting generation of 1 shapes...
2025-12-09 09:31:09.274 [JavaFX Application Thread] INFO  DrawingGenerator - Starting drawing generation with parameters: GenerationParameters{shapeCount=1, x=[-100.0, 100.0], y=[-100.0, 100.0], density=0.50, gridSize=10}
2025-12-09 09:31:09.274 [JavaFX Application Thread] INFO  DrawingGenerator - Selected shape types: [TRAPEZOID]
2025-12-09 09:31:09.274 [JavaFX Application Thread] INFO  DrawingGenerator - Effective generation area: x=[-50.0, 50.0], y=[-50.0, 50.0]
2025-12-09 09:31:09.275 [JavaFX Application Thread] INFO  DrawingGenerator - Generation completed. Successfully created 1 shapes out of 1 requested
2025-12-09 09:31:09.275 [JavaFX Application Thread] INFO  DrawingGUI - Shapes generated. Received: 1 shapes
2025-12-09 09:31:09.276 [JavaFX Application Thread] INFO  DrawingGUI - === GENERATION AND RENDERING COMPLETED ===
2025-12-09 09:31:09.944 [JavaFX Application Thread] INFO  DrawingGUI - === STARTING DRAWING GENERATION ===
2025-12-09 09:31:09.945 [JavaFX Application Thread] INFO  DrawingGUI - Selected shape types count: 1
2025-12-09 09:31:09.946 [JavaFX Application Thread] INFO  DrawingGUI - Parameters: shapes=1, X=[-100.0, 100.0], Y=[-100.0, 100.0], density=0.5, grid=10
2025-12-09 09:31:09.946 [JavaFX Application Thread] INFO  DrawingGUI - Starting generation of 1 shapes...
2025-12-09 09:31:09.947 [JavaFX Application Thread] INFO  DrawingGenerator - Starting drawing generation with parameters: GenerationParameters{shapeCount=1, x=[-100.0, 100.0], y=[-100.0, 100.0], density=0.50, gridSize=10}
2025-12-09 09:31:09.947 [JavaFX Application Thread] INFO  DrawingGenerator - Selected shape types: [TRAPEZOID]
2025-12-09 09:31:09.948 [JavaFX Application Thread] INFO  DrawingGenerator - Effective generation area: x=[-50.0, 50.0], y=[-50.0, 50.0]
2025-12-09 09:31:09.948 [JavaFX Application Thread] INFO  DrawingGenerator - Generation completed. Successfully created 1 shapes out of 1 requested
2025-12-09 09:31:09.949 [JavaFX Application Thread] INFO  DrawingGUI - Shapes generated. Received: 1 shapes
2025-12-09 09:31:09.950 [JavaFX Application Thread] INFO  DrawingGUI - === GENERATION AND RENDERING COMPLETED ===
2025-12-09 09:31:10.705 [JavaFX Application Thread] INFO  DrawingGUI - === STARTING DRAWING GENERATION ===
2025-12-09 09:31:10.707 [JavaFX Application Thread] INFO  DrawingGUI - Selected shape types count: 1
2025-12-09 09:31:10.708 [JavaFX Application Thread] INFO  DrawingGUI - Parameters: shapes=1, X=[-100.0, 100.0], Y=[-100.0, 100.0], density=0.5, grid=10
2025-12-09 09:31:10.709 [JavaFX Application Thread] INFO  DrawingGUI - Starting generation of 1 shapes...
2025-12-09 09:31:10.710 [JavaFX Application Thread] INFO  DrawingGenerator - Starting drawing generation with parameters: GenerationParameters{shapeCount=1, x=[-100.0, 100.0], y=[-100.0, 100.0], density=0.50, gridSize=10}
2025-12-09 09:31:10.711 [JavaFX Application Thread] INFO  DrawingGenerator - Selected shape types: [TRAPEZOID]
2025-12-09 09:31:10.711 [JavaFX Application Thread] INFO  DrawingGenerator - Effective generation area: x=[-50.0, 50.0], y=[-50.0, 50.0]
2025-12-09 09:31:10.711 [JavaFX Application Thread] INFO  DrawingGenerator - Generation completed. Successfully created 1 shapes out of 1 requested
2025-12-09 09:31:10.711 [JavaFX Application Thread] INFO  DrawingGUI - Shapes generated. Received: 1 shapes
2025-12-09 09:31:10.712 [JavaFX Application Thread] INFO  DrawingGUI - === GENERATION AND RENDERING COMPLETED ===
2025-12-09 09:31:19.288 [JavaFX Application Thread] INFO  DrawingGUI - === STARTING DRAWING GENERATION ===
2025-12-09 09:31:19.289 [JavaFX Application Thread] INFO  DrawingGUI - Selected shape types count: 1
2025-12-09 09:31:19.289 [JavaFX Application Thread] INFO  DrawingGUI - Parameters: shapes=1, X=[-100.0, 100.0], Y=[-100.0, 100.0], density=0.5, grid=10
2025-12-09 09:31:19.290 [JavaFX Application Thread] INFO  DrawingGUI - Starting generation of 1 shapes...
2025-12-09 09:31:19.290 [JavaFX Application Thread] INFO  DrawingGenerator - Starting drawing generation with parameters: GenerationParameters{shapeCount=1, x=[-100.0, 100.0], y=[-100.0, 100.0], density=0.50, gridSize=10}
2025-12-09 09:31:19.291 [JavaFX Application Thread] INFO  DrawingGenerator - Selected shape types: [TRAPEZOID]
2025-12-09 09:31:19.292 [JavaFX Application Thread] INFO  DrawingGenerator - Effective generation area: x=[-50.0, 50.0], y=[-50.0, 50.0]
2025-12-09 09:31:19.292 [JavaFX Application Thread] INFO  DrawingGenerator - Generation completed. Successfully created 1 shapes out of 1 requested
2025-12-09 09:31:19.293 [JavaFX Application Thread] INFO  DrawingGUI - Shapes generated. Received: 1 shapes
2025-12-09 09:31:19.294 [JavaFX Application Thread] INFO  DrawingGUI - === GENERATION AND RENDERING COMPLETED ===
2025-12-09 09:32:09.724 [JavaFX Application Thread] INFO  DrawingGUI - === STARTING DRAWING GENERATION ===
2025-12-09 09:32:09.725 [JavaFX Application Thread] INFO  DrawingGUI - Selected shape types count: 6
2025-12-09 09:32:09.726 [JavaFX Application Thread] INFO  DrawingGUI - Parameters: shapes=1000, X=[-100.0, 100.0], Y=[-100.0, 100.0], density=0.5, grid=10
2025-12-09 09:32:09.726 [JavaFX Application Thread] INFO  DrawingGUI - Starting generation of 1000 shapes...
2025-12-09 09:32:09.726 [JavaFX Application Thread] INFO  DrawingGenerator - Starting drawing generation with parameters: GenerationParameters{shapeCount=1000, x=[-100.0, 100.0], y=[-100.0, 100.0], density=0.50, gridSize=10}
2025-12-09 09:32:09.727 [JavaFX Application Thread] INFO  DrawingGenerator - Selected shape types: [LINE, CIRCLE, RECTANGLE, TRIANGLE, PARABOLA, TRAPEZOID]
2025-12-09 09:32:09.727 [JavaFX Application Thread] INFO  DrawingGenerator - Effective generation area: x=[-50.0, 50.0], y=[-50.0, 50.0]
2025-12-09 09:32:09.762 [JavaFX Application Thread] INFO  DrawingGenerator - Generation completed. Successfully created 1000 shapes out of 1000 requested
2025-12-09 09:32:09.763 [JavaFX Application Thread] INFO  DrawingGUI - Shapes generated. Received: 1000 shapes
2025-12-09 09:32:09.794 [JavaFX Application Thread] INFO  DrawingGUI - === GENERATION AND RENDERING COMPLETED ===
2025-12-09 09:32:39.132 [JavaFX Application Thread] WARN  DrawingGUI - Cannot zoom further - minimum size reached
2025-12-09 09:32:39.730 [JavaFX Application Thread] WARN  DrawingGUI - Cannot zoom further - minimum size reached
2025-12-09 09:33:35.255 [JavaFX Application Thread] INFO  DrawingGUI - === STARTING DRAWING GENERATION ===
2025-12-09 09:33:35.257 [JavaFX Application Thread] INFO  DrawingGUI - Selected shape types count: 6
2025-12-09 09:33:35.257 [JavaFX Application Thread] INFO  DrawingGUI - Parameters: shapes=1000, X=[-100.0, 100.0], Y=[-100.0, 100.0], density=0.5, grid=10
2025-12-09 09:33:35.258 [JavaFX Application Thread] INFO  DrawingGUI - Starting generation of 1000 shapes...
2025-12-09 09:33:35.258 [JavaFX Application Thread] INFO  DrawingGenerator - Starting drawing generation with parameters: GenerationParameters{shapeCount=1000, x=[-100.0, 100.0], y=[-100.0, 100.0], density=0.50, gridSize=10}
2025-12-09 09:33:35.259 [JavaFX Application Thread] INFO  DrawingGenerator - Selected shape types: [LINE, CIRCLE, RECTANGLE, TRIANGLE, PARABOLA, TRAPEZOID]
2025-12-09 09:33:35.259 [JavaFX Application Thread] INFO  DrawingGenerator - Effective generation area: x=[-50.0, 50.0], y=[-50.0, 50.0]
2025-12-09 09:33:35.271 [JavaFX Application Thread] INFO  DrawingGenerator - Generation completed. Successfully created 1000 shapes out of 1000 requested
2025-12-09 09:33:35.272 [JavaFX Application Thread] INFO  DrawingGUI - Shapes generated. Received: 1000 shapes
2025-12-09 09:33:35.288 [JavaFX Application Thread] INFO  DrawingGUI - === GENERATION AND RENDERING COMPLETED ===
2025-12-09 09:35:20.785 [JavaFX Application Thread] INFO  DrawingGUI - Application shutdown
